<?xml version="1.0" encoding="UTF-8"?>
<!-- Generated by org.testng.reporters.JUnitReportReporter -->
<testsuite skipped="0" hostname="ntpc01508" name="storeTestcase.Store" tests="2" failures="0" timestamp="24 Sep 2018 13:27:17 GMT" time="3.434" errors="0">
  <testcase name="getstatus1" time="2.267" classname="storeTestcase.Store"/>
  <testcase name="getstatus" time="1.167" classname="storeTestcase.Store"/>
</testsuite> <!-- storeTestcase.Store -->
