<?xml version="1.0" encoding="UTF-8"?>
<!-- Generated by org.testng.reporters.JUnitReportReporter -->
<testsuite skipped="0" hostname="ntpc01508" name="storeTestcase.Endtoendorder" tests="3" failures="0" timestamp="05 Oct 2018 08:53:23 GMT" time="4.683" errors="0">
  <testcase name="setdata" time="2.427" classname="storeTestcase.Endtoendorder"/>
  <testcase name="readData" time="1.086" classname="storeTestcase.Endtoendorder"/>
  <testcase name="dropData" time="1.170" classname="storeTestcase.Endtoendorder"/>
</testsuite> <!-- storeTestcase.Endtoendorder -->
