<?xml version="1.0" encoding="UTF-8"?>
<!-- Generated by org.testng.reporters.JUnitReportReporter -->
<testsuite skipped="0" hostname="ntpc01508" name="storeTestcase.Endtoendorder" tests="3" failures="0" timestamp="05 Oct 2018 08:53:55 GMT" time="4.766" errors="0">
  <testcase name="readData" time="1.074" classname="storeTestcase.Endtoendorder"/>
  <testcase name="setdata" time="2.576" classname="storeTestcase.Endtoendorder"/>
  <testcase name="dropData" time="1.116" classname="storeTestcase.Endtoendorder"/>
</testsuite> <!-- storeTestcase.Endtoendorder -->
