<?xml version="1.0" encoding="UTF-8"?>
<!-- Generated by org.testng.reporters.JUnitReportReporter -->
<testsuite skipped="0" hostname="ntpc01508" name="storeTestcase.GetReq_differentUtils" tests="2" failures="0" timestamp="26 Sep 2018 13:48:37 GMT" time="3.990" errors="0">
  <testcase name="getstatus1" time="2.632" classname="storeTestcase.GetReq_differentUtils"/>
  <testcase name="getstatus2" time="1.358" classname="storeTestcase.GetReq_differentUtils"/>
</testsuite> <!-- storeTestcase.GetReq_differentUtils -->
